  Building Custom Rule D:/Projets/CppJeux2D/SFML-2.5.1/src/SFML/System/CMakeLists.txt
  Clock.cpp
  Err.cpp
  Lock.cpp
  Mutex.cpp
  Sleep.cpp
  String.cpp
  Thread.cpp
  ThreadLocal.cpp
  Time.cpp
  FileInputStream.cpp
  MemoryInputStream.cpp
  ClockImpl.cpp
D:\Projets\CppJeux2D\SFML-2.5.1\src\SFML\System\Win32\ClockImpl.cpp(46,35): warning C4996: 'GetVersion': a été déclaré déconseillé
  MutexImpl.cpp
  SleepImpl.cpp
  ThreadImpl.cpp
  ThreadLocalImpl.cpp
  Génération de code en cours...
     Création de la bibliothèque D:/Projets/CppJeux2D/build/lib/Release/sfml-system.lib et de l'objet D:/Projets/CppJeux2D/build/lib/Release/sfml-system.exp
  sfml-system.vcxproj -> D:\Projets\CppJeux2D\build\lib\Release\sfml-system-2.dll
