  Building Custom Rule D:/Projets/CppJeux2D/SFML-2.5.1/src/SFML/Audio/CMakeLists.txt
  ALCheck.cpp
  AlResource.cpp
  AudioDevice.cpp
  Listener.cpp
  Music.cpp
  Sound.cpp
  SoundBuffer.cpp
  SoundBufferRecorder.cpp
  InputSoundFile.cpp
  OutputSoundFile.cpp
  SoundRecorder.cpp
  SoundSource.cpp
  SoundStream.cpp
  SoundFileFactory.cpp
  SoundFileReaderFlac.cpp
  SoundFileReaderOgg.cpp
  SoundFileReaderWav.cpp
  SoundFileWriterFlac.cpp
  SoundFileWriterOgg.cpp
  SoundFileWriterWav.cpp
  Génération de code en cours...
     Création de la bibliothèque D:/Projets/CppJeux2D/build/lib/Debug/sfml-audio-d.lib et de l'objet D:/Projets/CppJeux2D/build/lib/Debug/sfml-audio-d.exp
  sfml-audio.vcxproj -> D:\Projets\CppJeux2D\build\lib\Debug\sfml-audio-d-2.dll
